make -C /usr/src/plnx_kernel M=/root/code/ULTRA/fork_join_dma_latency modules
make[1]: Entering directory '/usr/src/5.15.36-xilinx-v2022.2'
test -e include/generated/autoconf.h -a -e include/config/auto.conf || (		\
echo >&2;							\
echo >&2 "  ERROR: Kernel configuration is invalid.";		\
echo >&2 "         include/generated/autoconf.h or include/config/auto.conf are missing.";\
echo >&2 "         Run 'make oldconfig && make prepare' on kernel src to fix it.";	\
echo >&2 ;							\
/bin/false)
make -f ./scripts/Makefile.build obj=/root/code/ULTRA/fork_join_dma_latency \
single-build= \
need-builtin=1 need-modorder=1
  /usr/bin/gcc -g -Wp,-MMD,/root/code/ULTRA/fork_join_dma_latency/.dma_interrupt.o.d  -nostdinc -isystem /usr/lib/gcc/aarch64-linux-gnu/7/include -I./arch/arm64/include -I./arch/arm64/include/generated  -I./include -I./arch/arm64/include/uapi -I./arch/arm64/include/generated/uapi -I./include/uapi -I./include/generated/uapi -include ./include/linux/compiler-version.h -include ./include/linux/kconfig.h -include ./include/linux/compiler_types.h -D__KERNEL__ -mlittle-endian -DKASAN_SHADOW_SCALE_SHIFT= -Wall -Wundef -Werror=strict-prototypes -Wno-trigraphs -fno-strict-aliasing -fno-common -fshort-wchar -fno-PIE -Werror=implicit-function-declaration -Werror=implicit-int -Werror=return-type -Wno-format-security -std=gnu89 -mgeneral-regs-only -Wno-psabi -mabi=lp64 -fno-asynchronous-unwind-tables -fno-unwind-tables -msign-return-address=all -Wa,-march=armv8.4-a -DARM64_ASM_ARCH='"armv8.4-a"' -DKASAN_SHADOW_SCALE_SHIFT= -fno-delete-null-pointer-checks -Wno-frame-address -Wno-format-truncation -Wno-format-overflow -O2 --param=allow-store-data-races=0 -Wframe-larger-than=2048 -fstack-protector-strong -Wimplicit-fallthrough=5 -Wno-main -Wno-unused-but-set-variable -Wno-unused-const-variable -fno-omit-frame-pointer -fno-optimize-sibling-calls -g -Wdeclaration-after-statement -Wvla -Wno-pointer-sign -Wno-array-bounds -Wno-stringop-overflow -Wno-restrict -Wno-maybe-uninitialized -fno-strict-overflow -fno-stack-check -fconserve-stack -Werror=date-time -Werror=incompatible-pointer-types -Werror=designated-init  -DMODULE  -DKBUILD_BASENAME='"dma_interrupt"' -DKBUILD_MODNAME='"dma_interrupt"' -D__KBUILD_MODNAME=kmod_dma_interrupt -c -o /root/code/ULTRA/fork_join_dma_latency/dma_interrupt.o /root/code/ULTRA/fork_join_dma_latency/dma_interrupt.c
  { echo  /root/code/ULTRA/fork_join_dma_latency/dma_interrupt.o;  echo; } > /root/code/ULTRA/fork_join_dma_latency/dma_interrupt.mod
  {   echo /root/code/ULTRA/fork_join_dma_latency/dma_interrupt.ko; :; } | awk '!x[$0]++' - > /root/code/ULTRA/fork_join_dma_latency/modules.order
sh ./scripts/modules-check.sh /root/code/ULTRA/fork_join_dma_latency/modules.order
make -f ./scripts/Makefile.modpost
  sed 's/\.ko$/\.o/' /root/code/ULTRA/fork_join_dma_latency/modules.order | scripts/mod/modpost    -o /root/code/ULTRA/fork_join_dma_latency/Module.symvers -e -i Module.symvers   -T -
make -f ./scripts/Makefile.modfinal
  /usr/bin/gcc -g -Wp,-MMD,/root/code/ULTRA/fork_join_dma_latency/.dma_interrupt.mod.o.d -nostdinc -isystem /usr/lib/gcc/aarch64-linux-gnu/7/include -I./arch/arm64/include -I./arch/arm64/include/generated -I./include -I./arch/arm64/include/uapi -I./arch/arm64/include/generated/uapi -I./include/uapi -I./include/generated/uapi -include ./include/linux/compiler-version.h -include ./include/linux/kconfig.h -include ./include/linux/compiler_types.h -D__KERNEL__ -mlittle-endian -DKASAN_SHADOW_SCALE_SHIFT= -Wall -Wundef -Werror=strict-prototypes -Wno-trigraphs -fno-strict-aliasing -fno-common -fshort-wchar -fno-PIE -Werror=implicit-function-declaration -Werror=implicit-int -Werror=return-type -Wno-format-security -std=gnu89 -mgeneral-regs-only -Wno-psabi -mabi=lp64 -fno-asynchronous-unwind-tables -fno-unwind-tables -msign-return-address=all -Wa,-march=armv8.4-a -DARM64_ASM_ARCH='"armv8.4-a"' -DKASAN_SHADOW_SCALE_SHIFT= -fno-delete-null-pointer-checks -Wno-frame-address -Wno-format-truncation -Wno-format-overflow -O2 --param=allow-store-data-races=0 -Wframe-larger-than=2048 -fstack-protector-strong -Wimplicit-fallthrough=5 -Wno-main -Wno-unused-but-set-variable -Wno-unused-const-variable -fno-omit-frame-pointer -fno-optimize-sibling-calls -g -Wdeclaration-after-statement -Wvla -Wno-pointer-sign -Wno-array-bounds -Wno-stringop-overflow -Wno-restrict -Wno-maybe-uninitialized -fno-strict-overflow -fno-stack-check -fconserve-stack -Werror=date-time -Werror=incompatible-pointer-types -Werror=designated-init -DMODULE -DKBUILD_BASENAME='"dma_interrupt.mod"' -DKBUILD_MODNAME='"dma_interrupt"' -D__KBUILD_MODNAME=kmod_dma_interrupt -c -o /root/code/ULTRA/fork_join_dma_latency/dma_interrupt.mod.o /root/code/ULTRA/fork_join_dma_latency/dma_interrupt.mod.c
  ld -r  -EL  -maarch64elf  --build-id=sha1  -T scripts/module.lds -o /root/code/ULTRA/fork_join_dma_latency/dma_interrupt.ko /root/code/ULTRA/fork_join_dma_latency/dma_interrupt.o /root/code/ULTRA/fork_join_dma_latency/dma_interrupt.mod.o;  true
make[1]: Leaving directory '/usr/src/5.15.36-xilinx-v2022.2'
/usr/bin/gcc -g  test_dma.c -o test_dma
